Determining if the pthread_create exist failed with the following output:
Change Dir: /home/pslab/ELF/build/CMakeFiles/CMakeTmp

Run Build Command:"/usr/bin/make" "cmTC_bac9b/fast"
make[1]: Entering directory '/home/pslab/ELF/build/CMakeFiles/CMakeTmp'
/usr/bin/make -f CMakeFiles/cmTC_bac9b.dir/build.make CMakeFiles/cmTC_bac9b.dir/build
make[2]: Entering directory '/home/pslab/ELF/build/CMakeFiles/CMakeTmp'
Building C object CMakeFiles/cmTC_bac9b.dir/CheckSymbolExists.c.o
/usr/bin/cc    -o CMakeFiles/cmTC_bac9b.dir/CheckSymbolExists.c.o   -c /home/pslab/ELF/build/CMakeFiles/CMakeTmp/CheckSymbolExists.c
Linking C executable cmTC_bac9b
/usr/bin/cmake -E cmake_link_script CMakeFiles/cmTC_bac9b.dir/link.txt --verbose=1
/usr/bin/cc      -rdynamic CMakeFiles/cmTC_bac9b.dir/CheckSymbolExists.c.o  -o cmTC_bac9b 
CMakeFiles/cmTC_bac9b.dir/CheckSymbolExists.c.o: In function `main':
CheckSymbolExists.c:(.text+0x1b): undefined reference to `pthread_create'
collect2: error: ld returned 1 exit status
CMakeFiles/cmTC_bac9b.dir/build.make:97: recipe for target 'cmTC_bac9b' failed
make[2]: *** [cmTC_bac9b] Error 1
make[2]: Leaving directory '/home/pslab/ELF/build/CMakeFiles/CMakeTmp'
Makefile:126: recipe for target 'cmTC_bac9b/fast' failed
make[1]: *** [cmTC_bac9b/fast] Error 2
make[1]: Leaving directory '/home/pslab/ELF/build/CMakeFiles/CMakeTmp'

File /home/pslab/ELF/build/CMakeFiles/CMakeTmp/CheckSymbolExists.c:
/* */
#include <pthread.h>

int main(int argc, char** argv)
{
  (void)argv;
#ifndef pthread_create
  return ((int*)(&pthread_create))[argc];
#else
  (void)argc;
  return 0;
#endif
}

Determining if the function pthread_create exists in the pthreads failed with the following output:
Change Dir: /home/pslab/ELF/build/CMakeFiles/CMakeTmp

Run Build Command:"/usr/bin/make" "cmTC_8b412/fast"
make[1]: Entering directory '/home/pslab/ELF/build/CMakeFiles/CMakeTmp'
/usr/bin/make -f CMakeFiles/cmTC_8b412.dir/build.make CMakeFiles/cmTC_8b412.dir/build
make[2]: Entering directory '/home/pslab/ELF/build/CMakeFiles/CMakeTmp'
Building C object CMakeFiles/cmTC_8b412.dir/CheckFunctionExists.c.o
/usr/bin/cc   -DCHECK_FUNCTION_EXISTS=pthread_create   -o CMakeFiles/cmTC_8b412.dir/CheckFunctionExists.c.o   -c /usr/share/cmake-3.10/Modules/CheckFunctionExists.c
Linking C executable cmTC_8b412
/usr/bin/cmake -E cmake_link_script CMakeFiles/cmTC_8b412.dir/link.txt --verbose=1
/usr/bin/cc  -DCHECK_FUNCTION_EXISTS=pthread_create    -rdynamic CMakeFiles/cmTC_8b412.dir/CheckFunctionExists.c.o  -o cmTC_8b412 -lpthreads 
/usr/bin/x86_64-linux-gnu-ld: cannot find -lpthreads
collect2: error: ld returned 1 exit status
CMakeFiles/cmTC_8b412.dir/build.make:97: recipe for target 'cmTC_8b412' failed
make[2]: *** [cmTC_8b412] Error 1
make[2]: Leaving directory '/home/pslab/ELF/build/CMakeFiles/CMakeTmp'
Makefile:126: recipe for target 'cmTC_8b412/fast' failed
make[1]: *** [cmTC_8b412/fast] Error 2
make[1]: Leaving directory '/home/pslab/ELF/build/CMakeFiles/CMakeTmp'


